Solsolecito123

2018-05-07T17:47:09+02:00 --> Array
(
    [result] => 1
    [mensaje] => 
    [email] => example@example.com
    [password] => Solsolecito123
)

2018-05-07T17:54:46+02:00 --> Array
(
    [result] => 1
    [mensaje] => 
    [email] => example@example.com
    [password] => Solsolecito123
)

2018-05-07T18:01:12+02:00 --> Array
(
    [result] => 1
    [mensaje] => 
    [email] => example@example.com
    [password] => Solsolecito123
)

2018-05-07T18:09:07+02:00 --> Array
(
    [result] => 1
    [mensaje] => 
    [email] => example@example.com
    [password] => Solsolecito123
)

